<?xml version="1.0" encoding="UTF-8"?>
<!-- Generated by org.testng.reporters.JUnitReportReporter -->
<testsuite skipped="0" hostname="LTSG000726" name="cucumberOptions.TestNGTestRunner" tests="33" failures="2" timestamp="2022-02-24T11:40:13 SGT" time="316.044" errors="0">
  <testcase name="runScenario" time="4.485" classname="cucumberOptions.TestNGTestRunner">
    <failure type="java.lang.AssertionError" message="expected [200] but found [202]">
      <![CDATA[java.lang.AssertionError: expected [200] but found [202]
at org.testng.Assert.fail(Assert.java:99)
at org.testng.Assert.failNotEquals(Assert.java:1037)
at org.testng.Assert.assertEqualsImpl(Assert.java:140)
at org.testng.Assert.assertEquals(Assert.java:122)
at org.testng.Assert.assertEquals(Assert.java:907)
at org.testng.Assert.assertEquals(Assert.java:917)
at stepDefinitions.APIStepDefinition.validate_the_response(APIStepDefinition.java:63)
at ✽.Validate the Response(file:///C:/Elsa/TechChallenge/TheOPPENHEIMER/src/test/java/features/APITesting.feature:23)
]]>
    </failure>
  </testcase> <!-- runScenario -->
  <system-out/>
  <testcase name="runScenario" time="10.849" classname="cucumberOptions.TestNGTestRunner"/>
  <system-out/>
  <testcase name="runScenario" time="8.868" classname="cucumberOptions.TestNGTestRunner"/>
  <system-out/>
  <testcase name="runScenario" time="10.231" classname="cucumberOptions.TestNGTestRunner"/>
  <system-out/>
  <testcase name="runScenario" time="10.444" classname="cucumberOptions.TestNGTestRunner"/>
  <system-out/>
  <testcase name="runScenario" time="7.249" classname="cucumberOptions.TestNGTestRunner"/>
  <system-out/>
  <testcase name="runScenario" time="8.411" classname="cucumberOptions.TestNGTestRunner"/>
  <system-out/>
  <testcase name="runScenario" time="7.436" classname="cucumberOptions.TestNGTestRunner"/>
  <system-out/>
  <testcase name="runScenario" time="11.681" classname="cucumberOptions.TestNGTestRunner"/>
  <system-out/>
  <testcase name="runScenario" time="18.363" classname="cucumberOptions.TestNGTestRunner"/>
  <system-out/>
  <testcase name="runScenario" time="8.729" classname="cucumberOptions.TestNGTestRunner"/>
  <system-out/>
  <testcase name="runScenario" time="7.427" classname="cucumberOptions.TestNGTestRunner"/>
  <system-out/>
  <testcase name="runScenario" time="10.440" classname="cucumberOptions.TestNGTestRunner"/>
  <system-out/>
  <testcase name="runScenario" time="9.754" classname="cucumberOptions.TestNGTestRunner"/>
  <system-out/>
  <testcase name="runScenario" time="8.112" classname="cucumberOptions.TestNGTestRunner"/>
  <system-out/>
  <testcase name="runScenario" time="14.893" classname="cucumberOptions.TestNGTestRunner"/>
  <system-out/>
  <testcase name="runScenario" time="10.555" classname="cucumberOptions.TestNGTestRunner"/>
  <system-out/>
  <testcase name="runScenario" time="17.769" classname="cucumberOptions.TestNGTestRunner"/>
  <system-out/>
  <testcase name="runScenario" time="8.098" classname="cucumberOptions.TestNGTestRunner"/>
  <system-out/>
  <testcase name="runScenario" time="3.617" classname="cucumberOptions.TestNGTestRunner">
    <failure type="java.lang.AssertionError" message="expected [200] but found [202]">
      <![CDATA[java.lang.AssertionError: expected [200] but found [202]
at org.testng.Assert.fail(Assert.java:99)
at org.testng.Assert.failNotEquals(Assert.java:1037)
at org.testng.Assert.assertEqualsImpl(Assert.java:140)
at org.testng.Assert.assertEquals(Assert.java:122)
at org.testng.Assert.assertEquals(Assert.java:907)
at org.testng.Assert.assertEquals(Assert.java:917)
at stepDefinitions.APIStepDefinition.validate_the_response(APIStepDefinition.java:63)
at ✽.Validate the Response(file:///C:/Elsa/TechChallenge/TheOPPENHEIMER/src/test/java/features/APITesting.feature:30)
]]>
    </failure>
  </testcase> <!-- runScenario -->
  <system-out/>
  <testcase name="runScenario" time="8.777" classname="cucumberOptions.TestNGTestRunner"/>
  <system-out/>
  <testcase name="runScenario" time="8.724" classname="cucumberOptions.TestNGTestRunner"/>
  <system-out/>
  <testcase name="runScenario" time="9.479" classname="cucumberOptions.TestNGTestRunner"/>
  <system-out/>
  <testcase name="runScenario" time="8.305" classname="cucumberOptions.TestNGTestRunner"/>
  <system-out/>
  <testcase name="runScenario" time="9.142" classname="cucumberOptions.TestNGTestRunner"/>
  <system-out/>
  <testcase name="runScenario" time="7.285" classname="cucumberOptions.TestNGTestRunner"/>
  <system-out/>
  <testcase name="runScenario" time="6.803" classname="cucumberOptions.TestNGTestRunner"/>
  <system-out/>
  <testcase name="runScenario" time="10.652" classname="cucumberOptions.TestNGTestRunner"/>
  <system-out/>
  <testcase name="runScenario" time="12.246" classname="cucumberOptions.TestNGTestRunner"/>
  <system-out/>
  <testcase name="runScenario" time="4.004" classname="cucumberOptions.TestNGTestRunner"/>
  <system-out/>
  <testcase name="runScenario" time="8.623" classname="cucumberOptions.TestNGTestRunner"/>
  <system-out/>
  <testcase name="runScenario" time="8.303" classname="cucumberOptions.TestNGTestRunner"/>
  <system-out/>
  <testcase name="runScenario" time="16.290" classname="cucumberOptions.TestNGTestRunner"/>
  <system-out/>
</testsuite> <!-- cucumberOptions.TestNGTestRunner -->
